<?xml version="1.0" encoding="UTF-8"?>
<testng-results ignored="0" total="1" passed="1" failed="0" skipped="0">
  <reporter-output>
  </reporter-output>
  <suite started-at="2025-04-07T15:29:13 IST" name="Default suite" finished-at="2025-04-07T15:29:16 IST" duration-ms="3134">
    <groups>
    </groups>
    <test started-at="2025-04-07T15:29:13 IST" name="Default test" finished-at="2025-04-07T15:29:16 IST" duration-ms="3134">
      <class name="TestClass.Deserialization">
        <test-method signature="GetCourseDetails()[pri:0, instance:TestClass.Deserialization@7f3b84b8]" started-at="2025-04-07T15:29:13 IST" name="GetCourseDetails" finished-at="2025-04-07T15:29:16 IST" duration-ms="3083" status="PASS">
          <reporter-output>
          </reporter-output>
        </test-method> <!-- GetCourseDetails -->
      </class> <!-- TestClass.Deserialization -->
    </test> <!-- Default test -->
  </suite> <!-- Default suite -->
</testng-results>
